0 info it worked if it ends with ok
1 verbose cli [ '/Users/Bloot/.nvm/versions/node/v6.1.0/bin/node',
1 verbose cli   '/Users/Bloot/.nvm/versions/node/v6.1.0/bin/npm',
1 verbose cli   'start' ]
2 info using npm@4.0.2
3 info using node@v6.1.0
4 verbose run-script [ 'prestart', 'start', 'poststart' ]
5 info lifecycle Default@~prestart: Default@
6 silly lifecycle Default@~prestart: no script for prestart, continuing
7 info lifecycle Default@~start: Default@
8 verbose lifecycle Default@~start: unsafe-perm in lifecycle true
9 verbose lifecycle Default@~start: PATH: /Users/Bloot/.nvm/versions/node/v6.1.0/lib/node_modules/npm/bin/node-gyp-bin:/Users/Bloot/Desktop/Bloot/Oracle Exercise/node_modules/.bin:/Users/Bloot/.nvm/versions/node/v6.1.0/bin:/Users/Bloot/.rvm/gems/ruby-2.2.1/bin:/Users/Bloot/.rvm/gems/ruby-2.2.1@global/bin:/Users/Bloot/.rvm/rubies/ruby-2.2.1/bin:/usr/local/bin:/usr/bin:/bin:/usr/sbin:/sbin:/usr/local/git/bin:/Users/Bloot/.rvm/bin
10 verbose lifecycle Default@~start: CWD: /Users/Bloot/Desktop/Bloot/Oracle Exercise
11 silly lifecycle Default@~start: Args: [ '-c', 'node server.js' ]
12 silly lifecycle Default@~start: Returned: code: 1  signal: null
13 info lifecycle Default@~start: Failed to exec start script
14 verbose stack Error: Default@ start: `node server.js`
14 verbose stack Exit status 1
14 verbose stack     at EventEmitter.<anonymous> (/Users/Bloot/.nvm/versions/node/v6.1.0/lib/node_modules/npm/lib/utils/lifecycle.js:279:16)
14 verbose stack     at emitTwo (events.js:106:13)
14 verbose stack     at EventEmitter.emit (events.js:191:7)
14 verbose stack     at ChildProcess.<anonymous> (/Users/Bloot/.nvm/versions/node/v6.1.0/lib/node_modules/npm/lib/utils/spawn.js:40:14)
14 verbose stack     at emitTwo (events.js:106:13)
14 verbose stack     at ChildProcess.emit (events.js:191:7)
14 verbose stack     at maybeClose (internal/child_process.js:850:16)
14 verbose stack     at Process.ChildProcess._handle.onexit (internal/child_process.js:215:5)
15 verbose pkgid Default@
16 verbose cwd /Users/Bloot/Desktop/Bloot/Oracle Exercise
17 error Darwin 14.5.0
18 error argv "/Users/Bloot/.nvm/versions/node/v6.1.0/bin/node" "/Users/Bloot/.nvm/versions/node/v6.1.0/bin/npm" "start"
19 error node v6.1.0
20 error npm  v4.0.2
21 error code ELIFECYCLE
22 error Default@ start: `node server.js`
22 error Exit status 1
23 error Failed at the Default@ start script 'node server.js'.
23 error Make sure you have the latest version of node.js and npm installed.
23 error If you do, this is most likely a problem with the Default package,
23 error not with npm itself.
23 error Tell the author that this fails on your system:
23 error     node server.js
23 error You can get information on how to open an issue for this project with:
23 error     npm bugs Default
23 error Or if that isn't available, you can get their info via:
23 error     npm owner ls Default
23 error There is likely additional logging output above.
24 verbose exit [ 1, true ]
